0 info it worked if it ends with ok
1 verbose cli [ 'C:\\Program Files\\nodejs\\node.exe',
1 verbose cli   'C:\\Program Files\\nodejs\\node_modules\\npm\\bin\\npm-cli.js',
1 verbose cli   'install',
1 verbose cli   '--save-dev',
1 verbose cli   'babel-cli' ]
2 info using npm@2.14.12
3 info using node@v4.3.2
4 verbose install initial load of C:\Users\kapsitis\WebstormProjects\mathexam\package.json
5 verbose readDependencies loading dependencies from C:\Users\kapsitis\WebstormProjects\mathexam\package.json
6 silly cache add args [ 'babel-cli', null ]
7 verbose cache add spec babel-cli
8 silly cache add parsed spec Result {
8 silly cache add   raw: 'babel-cli',
8 silly cache add   scope: null,
8 silly cache add   name: 'babel-cli',
8 silly cache add   rawSpec: '',
8 silly cache add   spec: 'latest',
8 silly cache add   type: 'tag' }
9 silly addNamed babel-cli@latest
10 verbose addNamed "latest" is being treated as a dist-tag for babel-cli
11 info addNameTag [ 'babel-cli', 'latest' ]
12 silly mapToRegistry name babel-cli
13 silly mapToRegistry using default registry
14 silly mapToRegistry registry https://registry.npmjs.org/
15 silly mapToRegistry uri https://registry.npmjs.org/babel-cli
16 verbose addNameTag registry:https://registry.npmjs.org/babel-cli not in flight; fetching
17 verbose request uri https://registry.npmjs.org/babel-cli
18 verbose request no auth needed
19 info attempt registry request try #1 at 1:59:48 AM
20 verbose request id f2460b1512ac496f
21 http request GET https://registry.npmjs.org/babel-cli
22 info retry will retry, error on last attempt: Error: unable to get local issuer certificate
23 info attempt registry request try #2 at 1:59:58 AM
24 http request GET https://registry.npmjs.org/babel-cli
25 info retry will retry, error on last attempt: Error: unable to get local issuer certificate
26 info attempt registry request try #3 at 2:00:58 AM
27 http request GET https://registry.npmjs.org/babel-cli
28 verbose stack Error: unable to get local issuer certificate
28 verbose stack     at Error (native)
28 verbose stack     at TLSSocket.<anonymous> (_tls_wrap.js:1016:38)
28 verbose stack     at emitNone (events.js:67:13)
28 verbose stack     at TLSSocket.emit (events.js:166:7)
28 verbose stack     at TLSSocket._finishInit (_tls_wrap.js:585:8)
29 verbose cwd C:\Users\kapsitis\WebstormProjects\mathexam
30 error Windows_NT 6.1.7601
31 error argv "C:\\Program Files\\nodejs\\node.exe" "C:\\Program Files\\nodejs\\node_modules\\npm\\bin\\npm-cli.js" "install" "--save-dev" "babel-cli"
32 error node v4.3.2
33 error npm  v2.14.12
34 error code UNABLE_TO_GET_ISSUER_CERT_LOCALLY
35 error unable to get local issuer certificate
36 error If you need help, you may report this error at:
36 error     <https://github.com/npm/npm/issues>
37 verbose exit [ 1, true ]
